<?xml version="1.0" encoding="UTF-8"?>
<!-- Generated by org.testng.reporters.JUnitXMLReporter -->
<testsuite ignored="0" hostname="KALYANI" failures="0" tests="4" name="Test" time="0.063" errors="0" timestamp="2024-06-25T11:01:55 IST">
  <testcase classname="linsteners.listener_testngclass" name="d" time="0.012"/>
  <testcase classname="linsteners.listener_testngclass" name="h" time="0.002"/>
  <testcase classname="linsteners.listener_testngclass" name="k" time="0.002"/>
  <testcase classname="linsteners.listener_testngclass" name="p" time="0.001"/>
</testsuite> <!-- Test -->
