<?xml version="1.0" encoding="UTF-8"?>
<!-- Generated by org.testng.reporters.JUnitXMLReporter -->
<testsuite ignored="4" hostname="KALYANI" failures="0" tests="4" name="Test_3" time="0.062" errors="0" timestamp="2024-06-19T17:13:55 IST">
  <testcase classname="package_1.groups_parameter" name="test3" time="0.01"/>
  <testcase classname="package_1.groups_parameter" name="test4" time="0.001"/>
  <testcase classname="package_1.groups_parameter" name="test7" time="0.001"/>
  <testcase classname="package_1.groups_parameter" name="test8" time="0.001"/>
  <testcase classname="package_1.groups_parameter" name="test5" time="0.0">
    <ignored/>
  </testcase> <!-- test5 -->
  <testcase classname="package_1.groups_parameter" name="test2" time="0.0">
    <ignored/>
  </testcase> <!-- test2 -->
  <testcase classname="package_1.groups_parameter" name="test6" time="0.0">
    <ignored/>
  </testcase> <!-- test6 -->
  <testcase classname="package_1.groups_parameter" name="test" time="0.0">
    <ignored/>
  </testcase> <!-- test -->
</testsuite> <!-- Test_3 -->
