<?xml version="1.0" encoding="UTF-8"?>
<!-- Generated by org.testng.reporters.JUnitXMLReporter -->
<testsuite ignored="0" hostname="KALYANI" failures="0" tests="5" name="Default test" time="0.065" errors="0" timestamp="2024-06-19T16:55:19 IST">
  <testcase classname="package_1.parameter_dependsonmethod" name="launch_browser" time="0.008"/>
  <testcase classname="package_1.parameter_dependsonmethod" name="hiturl" time="0.002"/>
  <testcase classname="package_1.parameter_dependsonmethod" name="from_station" time="0.001"/>
  <testcase classname="package_1.parameter_dependsonmethod" name="to_station" time="0.002"/>
  <testcase classname="package_1.parameter_dependsonmethod" name="search" time="0.002"/>
</testsuite> <!-- Default test -->
