<?xml version="1.0" encoding="UTF-8"?>
<!-- Generated by org.testng.reporters.JUnitXMLReporter -->
<testsuite ignored="0" hostname="KALYANI" failures="0" tests="4" name="Default test" time="6.292" errors="0" timestamp="2024-06-18T15:32:55 IST">
  <testcase classname="package_1.NewTest_class" name="f" time="0.006"/>
  <testcase classname="package_1.NewTest_class" name="k" time="0.0"/>
  <testcase classname="package_1.NewTest_class" name="p" time="0.001"/>
  <testcase classname="package_1.NewTest_class" name="s" time="0.002"/>
</testsuite> <!-- Default test -->
