<?xml version="1.0" encoding="UTF-8"?>
<!-- Generated by org.testng.reporters.JUnitXMLReporter -->
<testsuite ignored="0" hostname="KALYANI" failures="0" tests="4" name="Test_2" time="0.065" errors="0" timestamp="2024-06-19T14:23:32 IST">
  <testcase classname="package_1.class_3" name="f" time="0.005"/>
  <testcase classname="package_1.class_4" name="k" time="0.001"/>
  <testcase classname="package_1.NewTest_class1" name="f" time="0.003"/>
  <testcase classname="package_1.NewTest_class1" name="s" time="0.002"/>
</testsuite> <!-- Test_2 -->
