<?xml version="1.0" encoding="UTF-8"?>
<testng-results ignored="0" total="4" passed="4" failed="0" skipped="0">
  <reporter-output>
  </reporter-output>
  <suite started-at="2024-06-18T15:32:49 IST" name="Default suite" finished-at="2024-06-18T15:32:55 IST" duration-ms="6292">
    <groups>
    </groups>
    <test started-at="2024-06-18T15:32:49 IST" name="Default test" finished-at="2024-06-18T15:32:55 IST" duration-ms="6292">
      <class name="package_1.NewTest_class">
        <test-method is-config="true" signature="cla_ss()[pri:0, instance:package_1.NewTest_class@48f2bd5b]" started-at="2024-06-18T15:32:49 IST" name="cla_ss" finished-at="2024-06-18T15:32:50 IST" duration-ms="1473" status="PASS">
          <reporter-output>
          </reporter-output>
        </test-method> <!-- cla_ss -->
        <test-method is-config="true" signature="method()[pri:0, instance:package_1.NewTest_class@48f2bd5b]" started-at="2024-06-18T15:32:50 IST" name="method" finished-at="2024-06-18T15:32:50 IST" duration-ms="31" status="PASS">
          <reporter-output>
          </reporter-output>
        </test-method> <!-- method -->
        <test-method signature="f()[pri:0, instance:package_1.NewTest_class@48f2bd5b]" started-at="2024-06-18T15:32:50 IST" name="f" finished-at="2024-06-18T15:32:50 IST" duration-ms="6" status="PASS">
          <reporter-output>
          </reporter-output>
        </test-method> <!-- f -->
        <test-method is-config="true" signature="method2()[pri:0, instance:package_1.NewTest_class@48f2bd5b]" started-at="2024-06-18T15:32:50 IST" name="method2" finished-at="2024-06-18T15:32:50 IST" duration-ms="5" status="PASS">
          <reporter-output>
          </reporter-output>
        </test-method> <!-- method2 -->
        <test-method is-config="true" signature="method()[pri:0, instance:package_1.NewTest_class@48f2bd5b]" started-at="2024-06-18T15:32:50 IST" name="method" finished-at="2024-06-18T15:32:50 IST" duration-ms="7" status="PASS">
          <reporter-output>
          </reporter-output>
        </test-method> <!-- method -->
        <test-method signature="k()[pri:0, instance:package_1.NewTest_class@48f2bd5b]" started-at="2024-06-18T15:32:50 IST" name="k" finished-at="2024-06-18T15:32:50 IST" duration-ms="0" status="PASS">
          <reporter-output>
          </reporter-output>
        </test-method> <!-- k -->
        <test-method is-config="true" signature="method2()[pri:0, instance:package_1.NewTest_class@48f2bd5b]" started-at="2024-06-18T15:32:50 IST" name="method2" finished-at="2024-06-18T15:32:50 IST" duration-ms="4" status="PASS">
          <reporter-output>
          </reporter-output>
        </test-method> <!-- method2 -->
        <test-method is-config="true" signature="method()[pri:0, instance:package_1.NewTest_class@48f2bd5b]" started-at="2024-06-18T15:32:50 IST" name="method" finished-at="2024-06-18T15:32:50 IST" duration-ms="6" status="PASS">
          <reporter-output>
          </reporter-output>
        </test-method> <!-- method -->
        <test-method signature="p()[pri:0, instance:package_1.NewTest_class@48f2bd5b]" started-at="2024-06-18T15:32:50 IST" name="p" finished-at="2024-06-18T15:32:50 IST" duration-ms="1" status="PASS">
          <reporter-output>
          </reporter-output>
        </test-method> <!-- p -->
        <test-method is-config="true" signature="method2()[pri:0, instance:package_1.NewTest_class@48f2bd5b]" started-at="2024-06-18T15:32:50 IST" name="method2" finished-at="2024-06-18T15:32:50 IST" duration-ms="3" status="PASS">
          <reporter-output>
          </reporter-output>
        </test-method> <!-- method2 -->
        <test-method is-config="true" signature="method()[pri:0, instance:package_1.NewTest_class@48f2bd5b]" started-at="2024-06-18T15:32:50 IST" name="method" finished-at="2024-06-18T15:32:50 IST" duration-ms="4" status="PASS">
          <reporter-output>
          </reporter-output>
        </test-method> <!-- method -->
        <test-method signature="s()[pri:0, instance:package_1.NewTest_class@48f2bd5b]" started-at="2024-06-18T15:32:50 IST" name="s" finished-at="2024-06-18T15:32:50 IST" duration-ms="2" status="PASS">
          <reporter-output>
          </reporter-output>
        </test-method> <!-- s -->
        <test-method is-config="true" signature="method2()[pri:0, instance:package_1.NewTest_class@48f2bd5b]" started-at="2024-06-18T15:32:50 IST" name="method2" finished-at="2024-06-18T15:32:51 IST" duration-ms="4" status="PASS">
          <reporter-output>
          </reporter-output>
        </test-method> <!-- method2 -->
        <test-method is-config="true" signature="cla_ss2()[pri:0, instance:package_1.NewTest_class@48f2bd5b]" started-at="2024-06-18T15:32:51 IST" name="cla_ss2" finished-at="2024-06-18T15:32:55 IST" duration-ms="4710" status="PASS">
          <reporter-output>
          </reporter-output>
        </test-method> <!-- cla_ss2 -->
        <test-method is-config="true" signature="testing2()[pri:0, instance:package_1.NewTest_class@48f2bd5b]" started-at="2024-06-18T15:32:55 IST" name="testing2" finished-at="2024-06-18T15:32:55 IST" duration-ms="0" status="PASS">
          <reporter-output>
          </reporter-output>
        </test-method> <!-- testing2 -->
        <test-method is-config="true" signature="suite2()[pri:0, instance:package_1.NewTest_class@48f2bd5b]" started-at="2024-06-18T15:32:55 IST" name="suite2" finished-at="2024-06-18T15:32:55 IST" duration-ms="0" status="PASS">
          <reporter-output>
          </reporter-output>
        </test-method> <!-- suite2 -->
      </class> <!-- package_1.NewTest_class -->
    </test> <!-- Default test -->
  </suite> <!-- Default suite -->
</testng-results>
